 q0 vectors:
 q1 vectors:
    1     0.00000000     0.00000000     0.00000000
    2     0.00000000     0.08333333     0.00000000
    3     0.00000000     0.16666667     0.00000000
    4     0.00000000     0.25000000     0.00000000
    5     0.00000000     0.33333333     0.00000000
    6     0.00000000     0.41666667     0.00000000
    7     0.00000000     0.50000000     0.00000000
    8     0.00000000    -0.41666667     0.00000000
    9     0.00000000    -0.33333333     0.00000000
   10     0.00000000    -0.25000000     0.00000000
   11     0.00000000    -0.16666667     0.00000000
   12     0.00000000    -0.08333333     0.00000000
   13     0.08333333     0.08333333     0.00000000
   14     0.08333333     0.16666667     0.00000000
   15     0.08333333     0.25000000     0.00000000
   16     0.08333333     0.33333333     0.00000000
   17     0.08333333     0.41666667     0.00000000
   18     0.08333333    -0.50000000     0.00000000
   19     0.08333333    -0.41666667     0.00000000
   20     0.08333333    -0.33333333     0.00000000
   21     0.08333333    -0.25000000     0.00000000
   22     0.16666667     0.16666667     0.00000000
   23     0.16666667     0.25000000     0.00000000
   24     0.16666667     0.33333333     0.00000000
   25     0.16666667     0.41666667     0.00000000
   26     0.16666667    -0.50000000     0.00000000
   27     0.16666667    -0.41666667     0.00000000
   28     0.25000000     0.25000000     0.00000000
   29     0.25000000     0.33333333     0.00000000
   30     0.25000000    -0.58333333     0.00000000
   31     0.33333333     0.33333333     0.00000000
 Running with verbosity level 1 (default).

 We will calculate polarizability with cutoff =     10.000 nvb =    26 ncb =   174
 We will skip transitions from the top     0 valence states to the bottom     0 conduction states

 Use |k-q> for valence states.

 Use GPP.

 VBM energy =     -5.85511 eV
 CBM energy =     -4.19237 eV
 Fermi energy =     -5.02374 eV
 Use symmetries to expand the coarse grid sampling.
 Use symmetries to expand the shifted coarse grid sampling.

 Crystal wavefunctions read from file WFN:
 - Number of k-points in WFN: 31
 - Number of k-points in the full BZ of WFN: 144

 More job parameters:
 - Number of valence bands: 26
 - Number of valence bands to skip: 0
 - Number of conduction bands: 174
 - Number of conduction bands to skip: 0
 - Number of spins: 1
 - FFTgrid =         12        12        62

 Initializing chimat.h5
 sFileName = chimat.h5
 ======================================================================
     1 /   31      q =         0.0000000000        0.0000000000        0.0000000000
 ======================================================================

 |q| =      0.00000000 Bohr^{-1}
 This is a regular non-zero q-point.

 Rank of the polarizability matrix (nmtx): 457

 chi_noeh(  G =     0    0    0, Gp =     0    0    0 ) =     -0.00000000     0.00000000
 chi_noeh(  G =     0    0   -1, Gp =     0    0   -1 ) =     -0.00443806    -0.00000000
 chi_noeh(  G =     0    0    0, Gp =     0    0   -1 ) =     -0.00000000    -0.00000000
 ======================================================================
     2 /   31      q =         0.0000000000        0.0833333330        0.0000000000
 ======================================================================

 |q| =      0.10099090 Bohr^{-1}
 This is a regular non-zero q-point.

 Rank of the polarizability matrix (nmtx): 473

 chi_noeh(  G =     0    0    0, Gp =     0    0    0 ) =     -0.00215227    -0.00000000
 chi_noeh(  G =     0    0   -1, Gp =     0    0   -1 ) =     -0.00611905     0.00000000
 chi_noeh(  G =     0    0    0, Gp =     0    0   -1 ) =     -0.00188275     0.00000566
 ======================================================================
     3 /   31      q =         0.0000000000        0.1666666670        0.0000000000
 ======================================================================

 |q| =      0.20198181 Bohr^{-1}
 This is a regular non-zero q-point.

 Rank of the polarizability matrix (nmtx): 487

 chi_noeh(  G =     0    0    0, Gp =     0    0    0 ) =     -0.00719948     0.00000000
 chi_noeh(  G =     0    0   -1, Gp =     0    0   -1 ) =     -0.01005002    -0.00000000
 chi_noeh(  G =     0    0    0, Gp =     0    0   -1 ) =     -0.00629024     0.00003842
 ======================================================================
     4 /   31      q =         0.0000000000        0.2500000000        0.0000000000
 ======================================================================

 |q| =      0.30297271 Bohr^{-1}
 This is a regular non-zero q-point.

 Rank of the polarizability matrix (nmtx): 495

 chi_noeh(  G =     0    0    0, Gp =     0    0    0 ) =     -0.01265291     0.00000000
 chi_noeh(  G =     0    0   -1, Gp =     0    0   -1 ) =     -0.01429483     0.00000000
 chi_noeh(  G =     0    0    0, Gp =     0    0   -1 ) =     -0.01104353     0.00010195
 ======================================================================
     5 /   31      q =         0.0000000000        0.3333333330        0.0000000000
 ======================================================================

 |q| =      0.40396361 Bohr^{-1}
 This is a regular non-zero q-point.

 Rank of the polarizability matrix (nmtx): 499

 chi_noeh(  G =     0    0    0, Gp =     0    0    0 ) =     -0.01692880    -0.00000000
 chi_noeh(  G =     0    0   -1, Gp =     0    0   -1 ) =     -0.01764188    -0.00000000
 chi_noeh(  G =     0    0    0, Gp =     0    0   -1 ) =     -0.01476149     0.00018044
 ======================================================================
     6 /   31      q =         0.0000000000        0.4166666670        0.0000000000
 ======================================================================

 |q| =      0.50495452 Bohr^{-1}
 This is a regular non-zero q-point.

 Rank of the polarizability matrix (nmtx): 506

 chi_noeh(  G =     0    0    0, Gp =     0    0    0 ) =     -0.01958448    -0.00000000
 chi_noeh(  G =     0    0   -1, Gp =     0    0   -1 ) =     -0.01974000     0.00000000
 chi_noeh(  G =     0    0    0, Gp =     0    0   -1 ) =     -0.01705305     0.00025358
 ======================================================================
     7 /   31      q =         0.0000000000        0.5000000000        0.0000000000
 ======================================================================

 |q| =      0.60594542 Bohr^{-1}
 This is a regular non-zero q-point.

 Rank of the polarizability matrix (nmtx): 518

 chi_noeh(  G =     0    0    0, Gp =     0    0    0 ) =     -0.02085056     0.00000000
 chi_noeh(  G =     0    0   -1, Gp =     0    0   -1 ) =     -0.02073562    -0.00000000
 chi_noeh(  G =     0    0    0, Gp =     0    0   -1 ) =     -0.01811212     0.00030756
 ======================================================================
     8 /   31      q =         0.0000000000       -0.4166666670        0.0000000000
 ======================================================================

 |q| =      0.50495452 Bohr^{-1}
 This is a regular non-zero q-point.

 Rank of the polarizability matrix (nmtx): 506

 chi_noeh(  G =     0    0    0, Gp =     0    0    0 ) =     -0.01958448    -0.00000000
 chi_noeh(  G =     0    0   -1, Gp =     0    0   -1 ) =     -0.01974000    -0.00000000
 chi_noeh(  G =     0    0    0, Gp =     0    0   -1 ) =     -0.01705305    -0.00025358
 ======================================================================
     9 /   31      q =         0.0000000000       -0.3333333330        0.0000000000
 ======================================================================

 |q| =      0.40396361 Bohr^{-1}
 This is a regular non-zero q-point.

 Rank of the polarizability matrix (nmtx): 499

 chi_noeh(  G =     0    0    0, Gp =     0    0    0 ) =     -0.01692880     0.00000000
 chi_noeh(  G =     0    0   -1, Gp =     0    0   -1 ) =     -0.01764188    -0.00000000
 chi_noeh(  G =     0    0    0, Gp =     0    0   -1 ) =     -0.01476149    -0.00018044
 ======================================================================
    10 /   31      q =         0.0000000000       -0.2500000000        0.0000000000
 ======================================================================

 |q| =      0.30297271 Bohr^{-1}
 This is a regular non-zero q-point.

 Rank of the polarizability matrix (nmtx): 495

 chi_noeh(  G =     0    0    0, Gp =     0    0    0 ) =     -0.01265291    -0.00000000
 chi_noeh(  G =     0    0   -1, Gp =     0    0   -1 ) =     -0.01429483    -0.00000000
 chi_noeh(  G =     0    0    0, Gp =     0    0   -1 ) =     -0.01104353    -0.00010195
 ======================================================================
    11 /   31      q =         0.0000000000       -0.1666666670        0.0000000000
 ======================================================================

 |q| =      0.20198181 Bohr^{-1}
 This is a regular non-zero q-point.

 Rank of the polarizability matrix (nmtx): 487

 chi_noeh(  G =     0    0    0, Gp =     0    0    0 ) =     -0.00719948     0.00000000
 chi_noeh(  G =     0    0   -1, Gp =     0    0   -1 ) =     -0.01005002    -0.00000000
 chi_noeh(  G =     0    0    0, Gp =     0    0   -1 ) =     -0.00629024    -0.00003842
 ======================================================================
    12 /   31      q =         0.0000000000       -0.0833333330        0.0000000000
 ======================================================================

 |q| =      0.10099090 Bohr^{-1}
 This is a regular non-zero q-point.

 Rank of the polarizability matrix (nmtx): 473

 chi_noeh(  G =     0    0    0, Gp =     0    0    0 ) =     -0.00215227     0.00000000
 chi_noeh(  G =     0    0   -1, Gp =     0    0   -1 ) =     -0.00611905     0.00000000
 chi_noeh(  G =     0    0    0, Gp =     0    0   -1 ) =     -0.00188275    -0.00000566
 ======================================================================
    13 /   31      q =         0.0833333330        0.0833333330        0.0000000000
 ======================================================================

 |q| =      0.17492138 Bohr^{-1}
 This is a regular non-zero q-point.

 Rank of the polarizability matrix (nmtx): 487

 chi_noeh(  G =     0    0    0, Gp =     0    0    0 ) =     -0.00571439    -0.00000000
 chi_noeh(  G =     0    0   -1, Gp =     0    0   -1 ) =     -0.00889473    -0.00000000
 chi_noeh(  G =     0    0    0, Gp =     0    0   -1 ) =     -0.00499444     0.00000000
 ======================================================================
    14 /   31      q =         0.0833333330        0.1666666670        0.0000000000
 ======================================================================

 |q| =      0.26719682 Bohr^{-1}
 This is a regular non-zero q-point.

 Rank of the polarizability matrix (nmtx): 496

 chi_noeh(  G =     0    0    0, Gp =     0    0    0 ) =     -0.01082132     0.00000000
 chi_noeh(  G =     0    0   -1, Gp =     0    0   -1 ) =     -0.01286984    -0.00000000
 chi_noeh(  G =     0    0    0, Gp =     0    0   -1 ) =     -0.00944898     0.00004139
 ======================================================================
    15 /   31      q =         0.0833333330        0.2500000000        0.0000000000
 ======================================================================

 |q| =      0.36412788 Bohr^{-1}
 This is a regular non-zero q-point.

 Rank of the polarizability matrix (nmtx): 502

 chi_noeh(  G =     0    0    0, Gp =     0    0    0 ) =     -0.01548779     0.00000000
 chi_noeh(  G =     0    0   -1, Gp =     0    0   -1 ) =     -0.01651555     0.00000000
 chi_noeh(  G =     0    0    0, Gp =     0    0   -1 ) =     -0.01351259     0.00011113
 ======================================================================
    16 /   31      q =         0.0833333330        0.3333333330        0.0000000000
 ======================================================================

 |q| =      0.46279846 Bohr^{-1}
 This is a regular non-zero q-point.

 Rank of the polarizability matrix (nmtx): 500

 chi_noeh(  G =     0    0    0, Gp =     0    0    0 ) =     -0.01876296     0.00000000
 chi_noeh(  G =     0    0   -1, Gp =     0    0   -1 ) =     -0.01909883    -0.00000000
 chi_noeh(  G =     0    0    0, Gp =     0    0   -1 ) =     -0.01635256     0.00018839
 ======================================================================
    17 /   31      q =         0.0833333330        0.4166666670        0.0000000000
 ======================================================================

 |q| =      0.56229356 Bohr^{-1}
 This is a regular non-zero q-point.

 Rank of the polarizability matrix (nmtx): 509

 chi_noeh(  G =     0    0    0, Gp =     0    0    0 ) =     -0.02057595     0.00000000
 chi_noeh(  G =     0    0   -1, Gp =     0    0   -1 ) =     -0.02053853    -0.00000000
 chi_noeh(  G =     0    0    0, Gp =     0    0   -1 ) =     -0.01789991     0.00025384
 ======================================================================
    18 /   31      q =         0.0833333330       -0.5000000000        0.0000000000
 ======================================================================

 |q| =      0.56229356 Bohr^{-1}
 This is a regular non-zero q-point.

 Rank of the polarizability matrix (nmtx): 509

 chi_noeh(  G =     0    0    0, Gp =     0    0    0 ) =     -0.02057595    -0.00000000
 chi_noeh(  G =     0    0   -1, Gp =     0    0   -1 ) =     -0.02053853     0.00000000
 chi_noeh(  G =     0    0    0, Gp =     0    0   -1 ) =     -0.01789991    -0.00025384
 ======================================================================
    19 /   31      q =         0.0833333330       -0.4166666670        0.0000000000
 ======================================================================

 |q| =      0.46279846 Bohr^{-1}
 This is a regular non-zero q-point.

 Rank of the polarizability matrix (nmtx): 500

 chi_noeh(  G =     0    0    0, Gp =     0    0    0 ) =     -0.01876296     0.00000000
 chi_noeh(  G =     0    0   -1, Gp =     0    0   -1 ) =     -0.01909883     0.00000000
 chi_noeh(  G =     0    0    0, Gp =     0    0   -1 ) =     -0.01635256    -0.00018839
 ======================================================================
    20 /   31      q =         0.0833333330       -0.3333333330        0.0000000000
 ======================================================================

 |q| =      0.36412788 Bohr^{-1}
 This is a regular non-zero q-point.

 Rank of the polarizability matrix (nmtx): 502

 chi_noeh(  G =     0    0    0, Gp =     0    0    0 ) =     -0.01548779     0.00000000
 chi_noeh(  G =     0    0   -1, Gp =     0    0   -1 ) =     -0.01651555    -0.00000000
 chi_noeh(  G =     0    0    0, Gp =     0    0   -1 ) =     -0.01351259    -0.00011113
 ======================================================================
    21 /   31      q =         0.0833333330       -0.2500000000        0.0000000000
 ======================================================================

 |q| =      0.26719682 Bohr^{-1}
 This is a regular non-zero q-point.

 Rank of the polarizability matrix (nmtx): 496

 chi_noeh(  G =     0    0    0, Gp =     0    0    0 ) =     -0.01082132    -0.00000000
 chi_noeh(  G =     0    0   -1, Gp =     0    0   -1 ) =     -0.01286984    -0.00000000
 chi_noeh(  G =     0    0    0, Gp =     0    0   -1 ) =     -0.00944898    -0.00004139
 ======================================================================
    22 /   31      q =         0.1666666670        0.1666666670        0.0000000000
 ======================================================================

 |q| =      0.34984275 Bohr^{-1}
 This is a regular non-zero q-point.

 Rank of the polarizability matrix (nmtx): 497

 chi_noeh(  G =     0    0    0, Gp =     0    0    0 ) =     -0.01493812     0.00000000
 chi_noeh(  G =     0    0   -1, Gp =     0    0   -1 ) =     -0.01608966    -0.00000000
 chi_noeh(  G =     0    0    0, Gp =     0    0   -1 ) =     -0.01303690     0.00000000
 ======================================================================
    23 /   31      q =         0.1666666670        0.2500000000        0.0000000000
 ======================================================================

 |q| =      0.44020914 Bohr^{-1}
 This is a regular non-zero q-point.

 Rank of the polarizability matrix (nmtx): 507

 chi_noeh(  G =     0    0    0, Gp =     0    0    0 ) =     -0.01830449    -0.00000000
 chi_noeh(  G =     0    0   -1, Gp =     0    0   -1 ) =     -0.01875003     0.00000000
 chi_noeh(  G =     0    0    0, Gp =     0    0   -1 ) =     -0.01596352     0.00006972
 ======================================================================
    24 /   31      q =         0.1666666670        0.3333333330        0.0000000000
 ======================================================================

 |q| =      0.53439363 Bohr^{-1}
 This is a regular non-zero q-point.

 Rank of the polarizability matrix (nmtx): 507

 chi_noeh(  G =     0    0    0, Gp =     0    0    0 ) =     -0.02045363     0.00000000
 chi_noeh(  G =     0    0   -1, Gp =     0    0   -1 ) =     -0.02046921    -0.00000000
 chi_noeh(  G =     0    0    0, Gp =     0    0   -1 ) =     -0.01781436     0.00014332
 ======================================================================
    25 /   31      q =         0.1666666670        0.4166666670        0.0000000000
 ======================================================================

 |q| =      0.63068799 Bohr^{-1}
 This is a regular non-zero q-point.

 Rank of the polarizability matrix (nmtx): 507

 chi_noeh(  G =     0    0    0, Gp =     0    0    0 ) =     -0.02147833    -0.00000000
 chi_noeh(  G =     0    0   -1, Gp =     0    0   -1 ) =     -0.02128719    -0.00000000
 chi_noeh(  G =     0    0    0, Gp =     0    0   -1 ) =     -0.01866682     0.00020200
 ======================================================================
    26 /   31      q =         0.1666666670       -0.5000000000        0.0000000000
 ======================================================================

 |q| =      0.53439363 Bohr^{-1}
 This is a regular non-zero q-point.

 Rank of the polarizability matrix (nmtx): 507

 chi_noeh(  G =     0    0    0, Gp =     0    0    0 ) =     -0.02045363     0.00000000
 chi_noeh(  G =     0    0   -1, Gp =     0    0   -1 ) =     -0.02046921    -0.00000000
 chi_noeh(  G =     0    0    0, Gp =     0    0   -1 ) =     -0.01781436    -0.00014332
 ======================================================================
    27 /   31      q =         0.1666666670       -0.4166666670        0.0000000000
 ======================================================================

 |q| =      0.44020914 Bohr^{-1}
 This is a regular non-zero q-point.

 Rank of the polarizability matrix (nmtx): 507

 chi_noeh(  G =     0    0    0, Gp =     0    0    0 ) =     -0.01830449     0.00000000
 chi_noeh(  G =     0    0   -1, Gp =     0    0   -1 ) =     -0.01875003     0.00000000
 chi_noeh(  G =     0    0    0, Gp =     0    0   -1 ) =     -0.01596352    -0.00006972
 ======================================================================
    28 /   31      q =         0.2500000000        0.2500000000        0.0000000000
 ======================================================================

 |q| =      0.52476413 Bohr^{-1}
 This is a regular non-zero q-point.

 Rank of the polarizability matrix (nmtx): 505

 chi_noeh(  G =     0    0    0, Gp =     0    0    0 ) =     -0.02042340     0.00000000
 chi_noeh(  G =     0    0   -1, Gp =     0    0   -1 ) =     -0.02045778    -0.00000000
 chi_noeh(  G =     0    0    0, Gp =     0    0   -1 ) =     -0.01779613     0.00000000
 ======================================================================
    29 /   31      q =         0.2500000000        0.3333333330        0.0000000000
 ======================================================================

 |q| =      0.61430369 Bohr^{-1}
 This is a regular non-zero q-point.

 Rank of the polarizability matrix (nmtx): 513

 chi_noeh(  G =     0    0    0, Gp =     0    0    0 ) =     -0.02163748    -0.00000000
 chi_noeh(  G =     0    0   -1, Gp =     0    0   -1 ) =     -0.02144749    -0.00000000
 chi_noeh(  G =     0    0    0, Gp =     0    0   -1 ) =     -0.01882530     0.00007141
 ======================================================================
    30 /   31      q =         0.2500000000       -0.5833333330        0.0000000000
 ======================================================================

 |q| =      0.61430369 Bohr^{-1}
 This is a regular non-zero q-point.

 Rank of the polarizability matrix (nmtx): 513

 chi_noeh(  G =     0    0    0, Gp =     0    0    0 ) =     -0.02163748    -0.00000000
 chi_noeh(  G =     0    0   -1, Gp =     0    0   -1 ) =     -0.02144749    -0.00000000
 chi_noeh(  G =     0    0    0, Gp =     0    0   -1 ) =     -0.01882530    -0.00007141
 ======================================================================
    31 /   31      q =         0.3333333330        0.3333333330        0.0000000000
 ======================================================================

 |q| =      0.69968551 Bohr^{-1}
 This is a regular non-zero q-point.

 Rank of the polarizability matrix (nmtx): 531

 chi_noeh(  G =     0    0    0, Gp =     0    0    0 ) =     -0.02218083     0.00000000
 chi_noeh(  G =     0    0   -1, Gp =     0    0   -1 ) =     -0.02190564    -0.00000000
 chi_noeh(  G =     0    0    0, Gp =     0    0   -1 ) =     -0.01926839     0.00000000
 
                             CPU (s)        WALL (s)          #
 
 INPUT_CHI:      (min.)        2.700           3.250          1
                 (PE 0)        2.700           3.309
                 (max.)        3.210           3.309
 GENWF:          (min.)        0.020           0.039        310
                 (PE 0)       21.230          28.781
                 (max.)      277.660         285.642
 GET_MDAT:       (min.)        0.000           0.000        155
                 (PE 0)      357.550         370.106
                 (max.)      357.550         370.106
 GET_CHI:        (min.)       41.510          41.899         31
                 (PE 0)       41.510          41.899
                 (max.)      433.280         444.748
 OUTPUT_CHI:     (min.)       -0.000           0.000         31
                 (PE 0)        0.080           0.789
                 (max.)        0.080           0.789
 TOTAL:          (min.)      424.020         448.389          1
                 (PE 0)      424.020         448.389
                 (max.)      441.530         448.389
